<!DOCTYPE html PUBLIC "-//W3C//DTD XHTML 1.1//EN" "http://www.w3.org/TR/xhtml11/DTD/xhtml11.dtd">
<html xmlns="http://www.w3.org/1999/xhtml">
<head>
<meta http-equiv="content-type" content="text/html; charset=UTF-8"/>
<title>TestNG Report</title>
<style type="text/css">table {margin-bottom:10px;border-collapse:collapse;empty-cells:show}th,td {border:1px solid #009;padding:.25em .5em}th {vertical-align:bottom}td {vertical-align:top}table a {font-weight:bold}.stripe td {background-color: #E6EBF9}.num {text-align:right}.passedodd td {background-color: #3F3}.passedeven td {background-color: #0A0}.skippedodd td {background-color: #DDD}.skippedeven td {background-color: #CCC}.failedodd td,.attn {background-color: #F33}.failedeven td,.stripe .attn {background-color: #D00}.stacktrace {white-space:pre;font-family:monospace}.totop {font-size:85%;text-align:center;border-bottom:2px solid #000}.invisible {display:none}</style>
</head>
<body>
<table>
<tr><th>Test</th><th># Passed</th><th># Skipped</th><th># Retried</th><th># Failed</th><th>Time (ms)</th><th>Included Groups</th><th>Excluded Groups</th></tr>
<tr><th colspan="8">Suite</th></tr>
<tr><td><a href="#t0">Test</a></td><td class="num">0</td><td class="num attn">1</td><td class="num">0</td><td class="num">0</td><td class="num">1,510</td><td></td><td></td></tr>
<tr class="stripe"><td><a href="#t1">homeTest</a></td><td class="num">0</td><td class="num attn">2</td><td class="num">0</td><td class="num">0</td><td class="num">1,071</td><td></td><td></td></tr>
<tr><td><a href="#t2">ValidTest</a></td><td class="num">0</td><td class="num attn">1</td><td class="num">0</td><td class="num">0</td><td class="num">1,065</td><td></td><td></td></tr>
<tr><th>Total</th><th class="num">0</th><th class="num attn">4</th><th class="num">0</th><th class="num">0</th><th class="num">3,646</th><th colspan="2"></th></tr>
</table>
<table id='summary'><thead><tr><th>Class</th><th>Method</th><th>Start</th><th>Time (ms)</th></tr></thead><tbody><tr><th colspan="4">Suite</th></tr></tbody><tbody id="t0"><tr><th colspan="4">Test &#8212; failed (configuration methods)</th></tr><tr class="failedeven"><td rowspan="1">e2eprogram.Asserts</td><td><a href="#m0">initialize</a></td><td rowspan="1">1590783370877</td><td rowspan="1">1476</td></tr><tr><th colspan="4">Test &#8212; skipped (configuration methods)</th></tr><tr class="skippedeven"><td rowspan="1">e2eprogram.Asserts</td><td><a href="#m1">tearDown</a></td><td rowspan="1">1590783372383</td><td rowspan="1">-1590783372383</td></tr><tr><th colspan="4">Test &#8212; skipped</th></tr><tr class="skippedeven"><td rowspan="1">e2eprogram.Asserts</td><td><a href="#m2">basePageNavigation</a></td><td rowspan="1">1590783372379</td><td rowspan="1">0</td></tr></tbody>
<tbody id="t1"><tr><th colspan="4">homeTest &#8212; failed (configuration methods)</th></tr><tr class="failedeven"><td rowspan="1">e2eprogram.HomePage</td><td><a href="#m3">initialize</a></td><td rowspan="1">1590783372669</td><td rowspan="1">1065</td></tr><tr><th colspan="4">homeTest &#8212; skipped (configuration methods)</th></tr><tr class="skippedeven"><td rowspan="1">e2eprogram.HomePage</td><td><a href="#m4">tearDown</a></td><td rowspan="1">1590783373740</td><td rowspan="1">-1590783373740</td></tr><tr><th colspan="4">homeTest &#8212; skipped</th></tr><tr class="skippedeven"><td rowspan="2">e2eprogram.HomePage</td><td><a href="#m5">basePageNavigation</a></td><td rowspan="2">1590783373738</td><td rowspan="2">0</td></tr><tr class="skippedeven"><td><a href="#m6">basePageNavigation</a></td></tr></tbody>
<tbody id="t2"><tr><th colspan="4">ValidTest &#8212; failed (configuration methods)</th></tr><tr class="failedeven"><td rowspan="1">e2eprogram.Validdata</td><td><a href="#m7">initialize</a></td><td rowspan="1">1590783373771</td><td rowspan="1">1062</td></tr><tr><th colspan="4">ValidTest &#8212; skipped (configuration methods)</th></tr><tr class="skippedeven"><td rowspan="1">e2eprogram.Validdata</td><td><a href="#m8">tearDown</a></td><td rowspan="1">1590783374835</td><td rowspan="1">-1590783374835</td></tr><tr><th colspan="4">ValidTest &#8212; skipped</th></tr><tr class="skippedeven"><td rowspan="1">e2eprogram.Validdata</td><td><a href="#m9">basePageNavigation</a></td><td rowspan="1">1590783374835</td><td rowspan="1">0</td></tr></tbody>
</table>
<h2>Test</h2><h3 id="m0">e2eprogram.Asserts#initialize</h3><table class="result"><tr><th>Exception</th></tr><tr><td><div class="stacktrace">org.openqa.selenium.SessionNotCreatedException: session not created: This version of ChromeDriver only supports Chrome version 81
Build info: version: &apos;3.141.59&apos;, revision: &apos;e82be7d358&apos;, time: &apos;2018-11-14T08:17:03&apos;
System info: host: &apos;DESKTOP-5V4NH1P&apos;, ip: &apos;192.168.0.25&apos;, os.name: &apos;Windows 10&apos;, os.arch: &apos;amd64&apos;, os.version: &apos;10.0&apos;, java.version: &apos;14.0.1&apos;
Driver info: driver.version: ChromeDriver
remote stacktrace: Backtrace:
	Ordinal0 [0x002B5F73+2449267]
	Ordinal0 [0x001E8361+1606497]
	Ordinal0 [0x000DF969+522601]
	Ordinal0 [0x000705F3+67059]
	Ordinal0 [0x0006CD92+52626]
	Ordinal0 [0x0008C127+180519]
	Ordinal0 [0x0008BF2D+180013]
	Ordinal0 [0x00089E5B+171611]
	Ordinal0 [0x00071DD8+73176]
	Ordinal0 [0x00072E50+77392]
	Ordinal0 [0x00072DE9+77289]
	Ordinal0 [0x001FD8D7+1693911]
	GetHandleVerifier [0x00354036+522726]
	GetHandleVerifier [0x00353D74+522020]
	GetHandleVerifier [0x00369187+609079]
	GetHandleVerifier [0x003548A6+524886]
	Ordinal0 [0x001F5CBC+1662140]
	Ordinal0 [0x001FF23B+1700411]
	Ordinal0 [0x001FF3A3+1700771]
	Ordinal0 [0x00215215+1790485]
	BaseThreadInitThunk [0x75B46359+25]
	RtlGetAppContainerNamedObjectPath [0x770B7C24+228]
	RtlGetAppContainerNamedObjectPath [0x770B7BF4+180]
	(No symbol) [0x00000000]

	at org.openqa.selenium.remote.W3CHandshakeResponse.lambda$errorHandler$0(W3CHandshakeResponse.java:62)
	at org.openqa.selenium.remote.HandshakeResponse.lambda$getResponseFunction$0(HandshakeResponse.java:30)
	at org.openqa.selenium.remote.ProtocolHandshake.lambda$createSession$0(ProtocolHandshake.java:126)
	at java.base/java.util.stream.ReferencePipeline$3$1.accept(ReferencePipeline.java:195)
	at java.base/java.util.Spliterators$ArraySpliterator.tryAdvance(Spliterators.java:958)
	at java.base/java.util.stream.ReferencePipeline.forEachWithCancel(ReferencePipeline.java:127)
	at java.base/java.util.stream.AbstractPipeline.copyIntoWithCancel(AbstractPipeline.java:502)
	at java.base/java.util.stream.AbstractPipeline.copyInto(AbstractPipeline.java:488)
	at java.base/java.util.stream.AbstractPipeline.wrapAndCopyInto(AbstractPipeline.java:474)
	at java.base/java.util.stream.FindOps$FindOp.evaluateSequential(FindOps.java:150)
	at java.base/java.util.stream.AbstractPipeline.evaluate(AbstractPipeline.java:234)
	at java.base/java.util.stream.ReferencePipeline.findFirst(ReferencePipeline.java:543)
	at org.openqa.selenium.remote.ProtocolHandshake.createSession(ProtocolHandshake.java:128)
	at org.openqa.selenium.remote.ProtocolHandshake.createSession(ProtocolHandshake.java:74)
	at org.openqa.selenium.remote.HttpCommandExecutor.execute(HttpCommandExecutor.java:136)
	at org.openqa.selenium.remote.service.DriverCommandExecutor.execute(DriverCommandExecutor.java:83)
	at org.openqa.selenium.remote.RemoteWebDriver.execute(RemoteWebDriver.java:552)
	at org.openqa.selenium.remote.RemoteWebDriver.startSession(RemoteWebDriver.java:213)
	at org.openqa.selenium.remote.RemoteWebDriver.&lt;init&gt;(RemoteWebDriver.java:131)
	at org.openqa.selenium.chrome.ChromeDriver.&lt;init&gt;(ChromeDriver.java:181)
	at org.openqa.selenium.chrome.ChromeDriver.&lt;init&gt;(ChromeDriver.java:168)
	at org.openqa.selenium.chrome.ChromeDriver.&lt;init&gt;(ChromeDriver.java:123)
	at resources.base.initializeDriver(base.java:37)
	at e2eprogram.Asserts.initialize(Asserts.java:24)
... Removed 33 stack frames</div></td></tr></table><p class="totop"><a href="#summary">back to summary</a></p>
<h3 id="m1">e2eprogram.Asserts#tearDown</h3><table class="result"><tr><th class="invisible"/></tr></table><p class="totop"><a href="#summary">back to summary</a></p>
<h3 id="m2">e2eprogram.Asserts#basePageNavigation</h3><table class="result"><tr><th>Exception</th></tr><tr><td><div class="stacktrace">org.openqa.selenium.SessionNotCreatedException: session not created: This version of ChromeDriver only supports Chrome version 81
Build info: version: &apos;3.141.59&apos;, revision: &apos;e82be7d358&apos;, time: &apos;2018-11-14T08:17:03&apos;
System info: host: &apos;DESKTOP-5V4NH1P&apos;, ip: &apos;192.168.0.25&apos;, os.name: &apos;Windows 10&apos;, os.arch: &apos;amd64&apos;, os.version: &apos;10.0&apos;, java.version: &apos;14.0.1&apos;
Driver info: driver.version: ChromeDriver
remote stacktrace: Backtrace:
	Ordinal0 [0x002B5F73+2449267]
	Ordinal0 [0x001E8361+1606497]
	Ordinal0 [0x000DF969+522601]
	Ordinal0 [0x000705F3+67059]
	Ordinal0 [0x0006CD92+52626]
	Ordinal0 [0x0008C127+180519]
	Ordinal0 [0x0008BF2D+180013]
	Ordinal0 [0x00089E5B+171611]
	Ordinal0 [0x00071DD8+73176]
	Ordinal0 [0x00072E50+77392]
	Ordinal0 [0x00072DE9+77289]
	Ordinal0 [0x001FD8D7+1693911]
	GetHandleVerifier [0x00354036+522726]
	GetHandleVerifier [0x00353D74+522020]
	GetHandleVerifier [0x00369187+609079]
	GetHandleVerifier [0x003548A6+524886]
	Ordinal0 [0x001F5CBC+1662140]
	Ordinal0 [0x001FF23B+1700411]
	Ordinal0 [0x001FF3A3+1700771]
	Ordinal0 [0x00215215+1790485]
	BaseThreadInitThunk [0x75B46359+25]
	RtlGetAppContainerNamedObjectPath [0x770B7C24+228]
	RtlGetAppContainerNamedObjectPath [0x770B7BF4+180]
	(No symbol) [0x00000000]

	at org.openqa.selenium.remote.W3CHandshakeResponse.lambda$errorHandler$0(W3CHandshakeResponse.java:62)
	at org.openqa.selenium.remote.HandshakeResponse.lambda$getResponseFunction$0(HandshakeResponse.java:30)
	at org.openqa.selenium.remote.ProtocolHandshake.lambda$createSession$0(ProtocolHandshake.java:126)
	at java.base/java.util.stream.ReferencePipeline$3$1.accept(ReferencePipeline.java:195)
	at java.base/java.util.Spliterators$ArraySpliterator.tryAdvance(Spliterators.java:958)
	at java.base/java.util.stream.ReferencePipeline.forEachWithCancel(ReferencePipeline.java:127)
	at java.base/java.util.stream.AbstractPipeline.copyIntoWithCancel(AbstractPipeline.java:502)
	at java.base/java.util.stream.AbstractPipeline.copyInto(AbstractPipeline.java:488)
	at java.base/java.util.stream.AbstractPipeline.wrapAndCopyInto(AbstractPipeline.java:474)
	at java.base/java.util.stream.FindOps$FindOp.evaluateSequential(FindOps.java:150)
	at java.base/java.util.stream.AbstractPipeline.evaluate(AbstractPipeline.java:234)
	at java.base/java.util.stream.ReferencePipeline.findFirst(ReferencePipeline.java:543)
	at org.openqa.selenium.remote.ProtocolHandshake.createSession(ProtocolHandshake.java:128)
	at org.openqa.selenium.remote.ProtocolHandshake.createSession(ProtocolHandshake.java:74)
	at org.openqa.selenium.remote.HttpCommandExecutor.execute(HttpCommandExecutor.java:136)
	at org.openqa.selenium.remote.service.DriverCommandExecutor.execute(DriverCommandExecutor.java:83)
	at org.openqa.selenium.remote.RemoteWebDriver.execute(RemoteWebDriver.java:552)
	at org.openqa.selenium.remote.RemoteWebDriver.startSession(RemoteWebDriver.java:213)
	at org.openqa.selenium.remote.RemoteWebDriver.&lt;init&gt;(RemoteWebDriver.java:131)
	at org.openqa.selenium.chrome.ChromeDriver.&lt;init&gt;(ChromeDriver.java:181)
	at org.openqa.selenium.chrome.ChromeDriver.&lt;init&gt;(ChromeDriver.java:168)
	at org.openqa.selenium.chrome.ChromeDriver.&lt;init&gt;(ChromeDriver.java:123)
	at resources.base.initializeDriver(base.java:37)
	at e2eprogram.Asserts.initialize(Asserts.java:24)
... Removed 33 stack frames</div></td></tr></table><p class="totop"><a href="#summary">back to summary</a></p>
<h2>homeTest</h2><h3 id="m3">e2eprogram.HomePage#initialize</h3><table class="result"><tr><th>Exception</th></tr><tr><td><div class="stacktrace">org.openqa.selenium.SessionNotCreatedException: session not created: This version of ChromeDriver only supports Chrome version 81
Build info: version: &apos;3.141.59&apos;, revision: &apos;e82be7d358&apos;, time: &apos;2018-11-14T08:17:03&apos;
System info: host: &apos;DESKTOP-5V4NH1P&apos;, ip: &apos;192.168.0.25&apos;, os.name: &apos;Windows 10&apos;, os.arch: &apos;amd64&apos;, os.version: &apos;10.0&apos;, java.version: &apos;14.0.1&apos;
Driver info: driver.version: ChromeDriver
remote stacktrace: Backtrace:
	Ordinal0 [0x002B5F73+2449267]
	Ordinal0 [0x001E8361+1606497]
	Ordinal0 [0x000DF969+522601]
	Ordinal0 [0x000705F3+67059]
	Ordinal0 [0x0006CD92+52626]
	Ordinal0 [0x0008C127+180519]
	Ordinal0 [0x0008BF2D+180013]
	Ordinal0 [0x00089E5B+171611]
	Ordinal0 [0x00071DD8+73176]
	Ordinal0 [0x00072E50+77392]
	Ordinal0 [0x00072DE9+77289]
	Ordinal0 [0x001FD8D7+1693911]
	GetHandleVerifier [0x00354036+522726]
	GetHandleVerifier [0x00353D74+522020]
	GetHandleVerifier [0x00369187+609079]
	GetHandleVerifier [0x003548A6+524886]
	Ordinal0 [0x001F5CBC+1662140]
	Ordinal0 [0x001FF23B+1700411]
	Ordinal0 [0x001FF3A3+1700771]
	Ordinal0 [0x00215215+1790485]
	BaseThreadInitThunk [0x75B46359+25]
	RtlGetAppContainerNamedObjectPath [0x770B7C24+228]
	RtlGetAppContainerNamedObjectPath [0x770B7BF4+180]
	(No symbol) [0x00000000]

	at org.openqa.selenium.remote.W3CHandshakeResponse.lambda$errorHandler$0(W3CHandshakeResponse.java:62)
	at org.openqa.selenium.remote.HandshakeResponse.lambda$getResponseFunction$0(HandshakeResponse.java:30)
	at org.openqa.selenium.remote.ProtocolHandshake.lambda$createSession$0(ProtocolHandshake.java:126)
	at java.base/java.util.stream.ReferencePipeline$3$1.accept(ReferencePipeline.java:195)
	at java.base/java.util.Spliterators$ArraySpliterator.tryAdvance(Spliterators.java:958)
	at java.base/java.util.stream.ReferencePipeline.forEachWithCancel(ReferencePipeline.java:127)
	at java.base/java.util.stream.AbstractPipeline.copyIntoWithCancel(AbstractPipeline.java:502)
	at java.base/java.util.stream.AbstractPipeline.copyInto(AbstractPipeline.java:488)
	at java.base/java.util.stream.AbstractPipeline.wrapAndCopyInto(AbstractPipeline.java:474)
	at java.base/java.util.stream.FindOps$FindOp.evaluateSequential(FindOps.java:150)
	at java.base/java.util.stream.AbstractPipeline.evaluate(AbstractPipeline.java:234)
	at java.base/java.util.stream.ReferencePipeline.findFirst(ReferencePipeline.java:543)
	at org.openqa.selenium.remote.ProtocolHandshake.createSession(ProtocolHandshake.java:128)
	at org.openqa.selenium.remote.ProtocolHandshake.createSession(ProtocolHandshake.java:74)
	at org.openqa.selenium.remote.HttpCommandExecutor.execute(HttpCommandExecutor.java:136)
	at org.openqa.selenium.remote.service.DriverCommandExecutor.execute(DriverCommandExecutor.java:83)
	at org.openqa.selenium.remote.RemoteWebDriver.execute(RemoteWebDriver.java:552)
	at org.openqa.selenium.remote.RemoteWebDriver.startSession(RemoteWebDriver.java:213)
	at org.openqa.selenium.remote.RemoteWebDriver.&lt;init&gt;(RemoteWebDriver.java:131)
	at org.openqa.selenium.chrome.ChromeDriver.&lt;init&gt;(ChromeDriver.java:181)
	at org.openqa.selenium.chrome.ChromeDriver.&lt;init&gt;(ChromeDriver.java:168)
	at org.openqa.selenium.chrome.ChromeDriver.&lt;init&gt;(ChromeDriver.java:123)
	at resources.base.initializeDriver(base.java:37)
	at e2eprogram.HomePage.initialize(HomePage.java:29)
... Removed 33 stack frames</div></td></tr></table><p class="totop"><a href="#summary">back to summary</a></p>
<h3 id="m4">e2eprogram.HomePage#tearDown</h3><table class="result"><tr><th class="invisible"/></tr></table><p class="totop"><a href="#summary">back to summary</a></p>
<h3 id="m5">e2eprogram.HomePage#basePageNavigation</h3><table class="result"><tr><th>Exception</th></tr><tr><td><div class="stacktrace">org.openqa.selenium.SessionNotCreatedException: session not created: This version of ChromeDriver only supports Chrome version 81
Build info: version: &apos;3.141.59&apos;, revision: &apos;e82be7d358&apos;, time: &apos;2018-11-14T08:17:03&apos;
System info: host: &apos;DESKTOP-5V4NH1P&apos;, ip: &apos;192.168.0.25&apos;, os.name: &apos;Windows 10&apos;, os.arch: &apos;amd64&apos;, os.version: &apos;10.0&apos;, java.version: &apos;14.0.1&apos;
Driver info: driver.version: ChromeDriver
remote stacktrace: Backtrace:
	Ordinal0 [0x002B5F73+2449267]
	Ordinal0 [0x001E8361+1606497]
	Ordinal0 [0x000DF969+522601]
	Ordinal0 [0x000705F3+67059]
	Ordinal0 [0x0006CD92+52626]
	Ordinal0 [0x0008C127+180519]
	Ordinal0 [0x0008BF2D+180013]
	Ordinal0 [0x00089E5B+171611]
	Ordinal0 [0x00071DD8+73176]
	Ordinal0 [0x00072E50+77392]
	Ordinal0 [0x00072DE9+77289]
	Ordinal0 [0x001FD8D7+1693911]
	GetHandleVerifier [0x00354036+522726]
	GetHandleVerifier [0x00353D74+522020]
	GetHandleVerifier [0x00369187+609079]
	GetHandleVerifier [0x003548A6+524886]
	Ordinal0 [0x001F5CBC+1662140]
	Ordinal0 [0x001FF23B+1700411]
	Ordinal0 [0x001FF3A3+1700771]
	Ordinal0 [0x00215215+1790485]
	BaseThreadInitThunk [0x75B46359+25]
	RtlGetAppContainerNamedObjectPath [0x770B7C24+228]
	RtlGetAppContainerNamedObjectPath [0x770B7BF4+180]
	(No symbol) [0x00000000]

	at org.openqa.selenium.remote.W3CHandshakeResponse.lambda$errorHandler$0(W3CHandshakeResponse.java:62)
	at org.openqa.selenium.remote.HandshakeResponse.lambda$getResponseFunction$0(HandshakeResponse.java:30)
	at org.openqa.selenium.remote.ProtocolHandshake.lambda$createSession$0(ProtocolHandshake.java:126)
	at java.base/java.util.stream.ReferencePipeline$3$1.accept(ReferencePipeline.java:195)
	at java.base/java.util.Spliterators$ArraySpliterator.tryAdvance(Spliterators.java:958)
	at java.base/java.util.stream.ReferencePipeline.forEachWithCancel(ReferencePipeline.java:127)
	at java.base/java.util.stream.AbstractPipeline.copyIntoWithCancel(AbstractPipeline.java:502)
	at java.base/java.util.stream.AbstractPipeline.copyInto(AbstractPipeline.java:488)
	at java.base/java.util.stream.AbstractPipeline.wrapAndCopyInto(AbstractPipeline.java:474)
	at java.base/java.util.stream.FindOps$FindOp.evaluateSequential(FindOps.java:150)
	at java.base/java.util.stream.AbstractPipeline.evaluate(AbstractPipeline.java:234)
	at java.base/java.util.stream.ReferencePipeline.findFirst(ReferencePipeline.java:543)
	at org.openqa.selenium.remote.ProtocolHandshake.createSession(ProtocolHandshake.java:128)
	at org.openqa.selenium.remote.ProtocolHandshake.createSession(ProtocolHandshake.java:74)
	at org.openqa.selenium.remote.HttpCommandExecutor.execute(HttpCommandExecutor.java:136)
	at org.openqa.selenium.remote.service.DriverCommandExecutor.execute(DriverCommandExecutor.java:83)
	at org.openqa.selenium.remote.RemoteWebDriver.execute(RemoteWebDriver.java:552)
	at org.openqa.selenium.remote.RemoteWebDriver.startSession(RemoteWebDriver.java:213)
	at org.openqa.selenium.remote.RemoteWebDriver.&lt;init&gt;(RemoteWebDriver.java:131)
	at org.openqa.selenium.chrome.ChromeDriver.&lt;init&gt;(ChromeDriver.java:181)
	at org.openqa.selenium.chrome.ChromeDriver.&lt;init&gt;(ChromeDriver.java:168)
	at org.openqa.selenium.chrome.ChromeDriver.&lt;init&gt;(ChromeDriver.java:123)
	at resources.base.initializeDriver(base.java:37)
	at e2eprogram.HomePage.initialize(HomePage.java:29)
... Removed 33 stack frames</div></td></tr></table><p class="totop"><a href="#summary">back to summary</a></p>
<h3 id="m6">e2eprogram.HomePage#basePageNavigation</h3><table class="result"><tr><th>Exception</th></tr><tr><td><div class="stacktrace">org.openqa.selenium.SessionNotCreatedException: session not created: This version of ChromeDriver only supports Chrome version 81
Build info: version: &apos;3.141.59&apos;, revision: &apos;e82be7d358&apos;, time: &apos;2018-11-14T08:17:03&apos;
System info: host: &apos;DESKTOP-5V4NH1P&apos;, ip: &apos;192.168.0.25&apos;, os.name: &apos;Windows 10&apos;, os.arch: &apos;amd64&apos;, os.version: &apos;10.0&apos;, java.version: &apos;14.0.1&apos;
Driver info: driver.version: ChromeDriver
remote stacktrace: Backtrace:
	Ordinal0 [0x002B5F73+2449267]
	Ordinal0 [0x001E8361+1606497]
	Ordinal0 [0x000DF969+522601]
	Ordinal0 [0x000705F3+67059]
	Ordinal0 [0x0006CD92+52626]
	Ordinal0 [0x0008C127+180519]
	Ordinal0 [0x0008BF2D+180013]
	Ordinal0 [0x00089E5B+171611]
	Ordinal0 [0x00071DD8+73176]
	Ordinal0 [0x00072E50+77392]
	Ordinal0 [0x00072DE9+77289]
	Ordinal0 [0x001FD8D7+1693911]
	GetHandleVerifier [0x00354036+522726]
	GetHandleVerifier [0x00353D74+522020]
	GetHandleVerifier [0x00369187+609079]
	GetHandleVerifier [0x003548A6+524886]
	Ordinal0 [0x001F5CBC+1662140]
	Ordinal0 [0x001FF23B+1700411]
	Ordinal0 [0x001FF3A3+1700771]
	Ordinal0 [0x00215215+1790485]
	BaseThreadInitThunk [0x75B46359+25]
	RtlGetAppContainerNamedObjectPath [0x770B7C24+228]
	RtlGetAppContainerNamedObjectPath [0x770B7BF4+180]
	(No symbol) [0x00000000]

	at org.openqa.selenium.remote.W3CHandshakeResponse.lambda$errorHandler$0(W3CHandshakeResponse.java:62)
	at org.openqa.selenium.remote.HandshakeResponse.lambda$getResponseFunction$0(HandshakeResponse.java:30)
	at org.openqa.selenium.remote.ProtocolHandshake.lambda$createSession$0(ProtocolHandshake.java:126)
	at java.base/java.util.stream.ReferencePipeline$3$1.accept(ReferencePipeline.java:195)
	at java.base/java.util.Spliterators$ArraySpliterator.tryAdvance(Spliterators.java:958)
	at java.base/java.util.stream.ReferencePipeline.forEachWithCancel(ReferencePipeline.java:127)
	at java.base/java.util.stream.AbstractPipeline.copyIntoWithCancel(AbstractPipeline.java:502)
	at java.base/java.util.stream.AbstractPipeline.copyInto(AbstractPipeline.java:488)
	at java.base/java.util.stream.AbstractPipeline.wrapAndCopyInto(AbstractPipeline.java:474)
	at java.base/java.util.stream.FindOps$FindOp.evaluateSequential(FindOps.java:150)
	at java.base/java.util.stream.AbstractPipeline.evaluate(AbstractPipeline.java:234)
	at java.base/java.util.stream.ReferencePipeline.findFirst(ReferencePipeline.java:543)
	at org.openqa.selenium.remote.ProtocolHandshake.createSession(ProtocolHandshake.java:128)
	at org.openqa.selenium.remote.ProtocolHandshake.createSession(ProtocolHandshake.java:74)
	at org.openqa.selenium.remote.HttpCommandExecutor.execute(HttpCommandExecutor.java:136)
	at org.openqa.selenium.remote.service.DriverCommandExecutor.execute(DriverCommandExecutor.java:83)
	at org.openqa.selenium.remote.RemoteWebDriver.execute(RemoteWebDriver.java:552)
	at org.openqa.selenium.remote.RemoteWebDriver.startSession(RemoteWebDriver.java:213)
	at org.openqa.selenium.remote.RemoteWebDriver.&lt;init&gt;(RemoteWebDriver.java:131)
	at org.openqa.selenium.chrome.ChromeDriver.&lt;init&gt;(ChromeDriver.java:181)
	at org.openqa.selenium.chrome.ChromeDriver.&lt;init&gt;(ChromeDriver.java:168)
	at org.openqa.selenium.chrome.ChromeDriver.&lt;init&gt;(ChromeDriver.java:123)
	at resources.base.initializeDriver(base.java:37)
	at e2eprogram.HomePage.initialize(HomePage.java:29)
... Removed 33 stack frames</div></td></tr></table><p class="totop"><a href="#summary">back to summary</a></p>
<h2>ValidTest</h2><h3 id="m7">e2eprogram.Validdata#initialize</h3><table class="result"><tr><th>Exception</th></tr><tr><td><div class="stacktrace">org.openqa.selenium.SessionNotCreatedException: session not created: This version of ChromeDriver only supports Chrome version 81
Build info: version: &apos;3.141.59&apos;, revision: &apos;e82be7d358&apos;, time: &apos;2018-11-14T08:17:03&apos;
System info: host: &apos;DESKTOP-5V4NH1P&apos;, ip: &apos;192.168.0.25&apos;, os.name: &apos;Windows 10&apos;, os.arch: &apos;amd64&apos;, os.version: &apos;10.0&apos;, java.version: &apos;14.0.1&apos;
Driver info: driver.version: ChromeDriver
remote stacktrace: Backtrace:
	Ordinal0 [0x002B5F73+2449267]
	Ordinal0 [0x001E8361+1606497]
	Ordinal0 [0x000DF969+522601]
	Ordinal0 [0x000705F3+67059]
	Ordinal0 [0x0006CD92+52626]
	Ordinal0 [0x0008C127+180519]
	Ordinal0 [0x0008BF2D+180013]
	Ordinal0 [0x00089E5B+171611]
	Ordinal0 [0x00071DD8+73176]
	Ordinal0 [0x00072E50+77392]
	Ordinal0 [0x00072DE9+77289]
	Ordinal0 [0x001FD8D7+1693911]
	GetHandleVerifier [0x00354036+522726]
	GetHandleVerifier [0x00353D74+522020]
	GetHandleVerifier [0x00369187+609079]
	GetHandleVerifier [0x003548A6+524886]
	Ordinal0 [0x001F5CBC+1662140]
	Ordinal0 [0x001FF23B+1700411]
	Ordinal0 [0x001FF3A3+1700771]
	Ordinal0 [0x00215215+1790485]
	BaseThreadInitThunk [0x75B46359+25]
	RtlGetAppContainerNamedObjectPath [0x770B7C24+228]
	RtlGetAppContainerNamedObjectPath [0x770B7BF4+180]
	(No symbol) [0x00000000]

	at org.openqa.selenium.remote.W3CHandshakeResponse.lambda$errorHandler$0(W3CHandshakeResponse.java:62)
	at org.openqa.selenium.remote.HandshakeResponse.lambda$getResponseFunction$0(HandshakeResponse.java:30)
	at org.openqa.selenium.remote.ProtocolHandshake.lambda$createSession$0(ProtocolHandshake.java:126)
	at java.base/java.util.stream.ReferencePipeline$3$1.accept(ReferencePipeline.java:195)
	at java.base/java.util.Spliterators$ArraySpliterator.tryAdvance(Spliterators.java:958)
	at java.base/java.util.stream.ReferencePipeline.forEachWithCancel(ReferencePipeline.java:127)
	at java.base/java.util.stream.AbstractPipeline.copyIntoWithCancel(AbstractPipeline.java:502)
	at java.base/java.util.stream.AbstractPipeline.copyInto(AbstractPipeline.java:488)
	at java.base/java.util.stream.AbstractPipeline.wrapAndCopyInto(AbstractPipeline.java:474)
	at java.base/java.util.stream.FindOps$FindOp.evaluateSequential(FindOps.java:150)
	at java.base/java.util.stream.AbstractPipeline.evaluate(AbstractPipeline.java:234)
	at java.base/java.util.stream.ReferencePipeline.findFirst(ReferencePipeline.java:543)
	at org.openqa.selenium.remote.ProtocolHandshake.createSession(ProtocolHandshake.java:128)
	at org.openqa.selenium.remote.ProtocolHandshake.createSession(ProtocolHandshake.java:74)
	at org.openqa.selenium.remote.HttpCommandExecutor.execute(HttpCommandExecutor.java:136)
	at org.openqa.selenium.remote.service.DriverCommandExecutor.execute(DriverCommandExecutor.java:83)
	at org.openqa.selenium.remote.RemoteWebDriver.execute(RemoteWebDriver.java:552)
	at org.openqa.selenium.remote.RemoteWebDriver.startSession(RemoteWebDriver.java:213)
	at org.openqa.selenium.remote.RemoteWebDriver.&lt;init&gt;(RemoteWebDriver.java:131)
	at org.openqa.selenium.chrome.ChromeDriver.&lt;init&gt;(ChromeDriver.java:181)
	at org.openqa.selenium.chrome.ChromeDriver.&lt;init&gt;(ChromeDriver.java:168)
	at org.openqa.selenium.chrome.ChromeDriver.&lt;init&gt;(ChromeDriver.java:123)
	at resources.base.initializeDriver(base.java:37)
	at e2eprogram.Validdata.initialize(Validdata.java:23)
... Removed 33 stack frames</div></td></tr></table><p class="totop"><a href="#summary">back to summary</a></p>
<h3 id="m8">e2eprogram.Validdata#tearDown</h3><table class="result"><tr><th class="invisible"/></tr></table><p class="totop"><a href="#summary">back to summary</a></p>
<h3 id="m9">e2eprogram.Validdata#basePageNavigation</h3><table class="result"><tr><th>Exception</th></tr><tr><td><div class="stacktrace">org.openqa.selenium.SessionNotCreatedException: session not created: This version of ChromeDriver only supports Chrome version 81
Build info: version: &apos;3.141.59&apos;, revision: &apos;e82be7d358&apos;, time: &apos;2018-11-14T08:17:03&apos;
System info: host: &apos;DESKTOP-5V4NH1P&apos;, ip: &apos;192.168.0.25&apos;, os.name: &apos;Windows 10&apos;, os.arch: &apos;amd64&apos;, os.version: &apos;10.0&apos;, java.version: &apos;14.0.1&apos;
Driver info: driver.version: ChromeDriver
remote stacktrace: Backtrace:
	Ordinal0 [0x002B5F73+2449267]
	Ordinal0 [0x001E8361+1606497]
	Ordinal0 [0x000DF969+522601]
	Ordinal0 [0x000705F3+67059]
	Ordinal0 [0x0006CD92+52626]
	Ordinal0 [0x0008C127+180519]
	Ordinal0 [0x0008BF2D+180013]
	Ordinal0 [0x00089E5B+171611]
	Ordinal0 [0x00071DD8+73176]
	Ordinal0 [0x00072E50+77392]
	Ordinal0 [0x00072DE9+77289]
	Ordinal0 [0x001FD8D7+1693911]
	GetHandleVerifier [0x00354036+522726]
	GetHandleVerifier [0x00353D74+522020]
	GetHandleVerifier [0x00369187+609079]
	GetHandleVerifier [0x003548A6+524886]
	Ordinal0 [0x001F5CBC+1662140]
	Ordinal0 [0x001FF23B+1700411]
	Ordinal0 [0x001FF3A3+1700771]
	Ordinal0 [0x00215215+1790485]
	BaseThreadInitThunk [0x75B46359+25]
	RtlGetAppContainerNamedObjectPath [0x770B7C24+228]
	RtlGetAppContainerNamedObjectPath [0x770B7BF4+180]
	(No symbol) [0x00000000]

	at org.openqa.selenium.remote.W3CHandshakeResponse.lambda$errorHandler$0(W3CHandshakeResponse.java:62)
	at org.openqa.selenium.remote.HandshakeResponse.lambda$getResponseFunction$0(HandshakeResponse.java:30)
	at org.openqa.selenium.remote.ProtocolHandshake.lambda$createSession$0(ProtocolHandshake.java:126)
	at java.base/java.util.stream.ReferencePipeline$3$1.accept(ReferencePipeline.java:195)
	at java.base/java.util.Spliterators$ArraySpliterator.tryAdvance(Spliterators.java:958)
	at java.base/java.util.stream.ReferencePipeline.forEachWithCancel(ReferencePipeline.java:127)
	at java.base/java.util.stream.AbstractPipeline.copyIntoWithCancel(AbstractPipeline.java:502)
	at java.base/java.util.stream.AbstractPipeline.copyInto(AbstractPipeline.java:488)
	at java.base/java.util.stream.AbstractPipeline.wrapAndCopyInto(AbstractPipeline.java:474)
	at java.base/java.util.stream.FindOps$FindOp.evaluateSequential(FindOps.java:150)
	at java.base/java.util.stream.AbstractPipeline.evaluate(AbstractPipeline.java:234)
	at java.base/java.util.stream.ReferencePipeline.findFirst(ReferencePipeline.java:543)
	at org.openqa.selenium.remote.ProtocolHandshake.createSession(ProtocolHandshake.java:128)
	at org.openqa.selenium.remote.ProtocolHandshake.createSession(ProtocolHandshake.java:74)
	at org.openqa.selenium.remote.HttpCommandExecutor.execute(HttpCommandExecutor.java:136)
	at org.openqa.selenium.remote.service.DriverCommandExecutor.execute(DriverCommandExecutor.java:83)
	at org.openqa.selenium.remote.RemoteWebDriver.execute(RemoteWebDriver.java:552)
	at org.openqa.selenium.remote.RemoteWebDriver.startSession(RemoteWebDriver.java:213)
	at org.openqa.selenium.remote.RemoteWebDriver.&lt;init&gt;(RemoteWebDriver.java:131)
	at org.openqa.selenium.chrome.ChromeDriver.&lt;init&gt;(ChromeDriver.java:181)
	at org.openqa.selenium.chrome.ChromeDriver.&lt;init&gt;(ChromeDriver.java:168)
	at org.openqa.selenium.chrome.ChromeDriver.&lt;init&gt;(ChromeDriver.java:123)
	at resources.base.initializeDriver(base.java:37)
	at e2eprogram.Validdata.initialize(Validdata.java:23)
... Removed 33 stack frames</div></td></tr></table><p class="totop"><a href="#summary">back to summary</a></p>
</body>
</html>
