<?xml version="1.0" encoding="UTF-8"?>
<testsuite xmlns:xsi="http://www.w3.org/2001/XMLSchema-instance" xsi:noNamespaceSchemaLocation="https://maven.apache.org/surefire/maven-surefire-plugin/xsd/surefire-test-report-3.0.xsd" version="3.0" name="TestSuite" time="4.819" tests="10" errors="0" skipped="7" failures="3">
  <properties>
    <property name="java.specification.version" value="14"/>
    <property name="webdriver.chrome.driver" value="C:\Users\User\Desktop\chromedriver.exe"/>
    <property name="sun.cpu.isalist" value="amd64"/>
    <property name="sun.jnu.encoding" value="Cp1252"/>
    <property name="java.class.path" value="C:\Users\User\Desktop\Testing\e2eprogram\target\test-classes;C:\Users\User\Desktop\Testing\e2eprogram\target\classes;C:\Users\User\.m2\repository\org\testng\testng\7.1.0\testng-7.1.0.jar;C:\Users\User\.m2\repository\com\beust\jcommander\1.72\jcommander-1.72.jar;C:\Users\User\.m2\repository\com\google\inject\guice\4.1.0\guice-4.1.0-no_aop.jar;C:\Users\User\.m2\repository\javax\inject\javax.inject\1\javax.inject-1.jar;C:\Users\User\.m2\repository\aopalliance\aopalliance\1.0\aopalliance-1.0.jar;C:\Users\User\.m2\repository\org\yaml\snakeyaml\1.21\snakeyaml-1.21.jar;C:\Users\User\.m2\repository\org\seleniumhq\selenium\selenium-java\3.141.59\selenium-java-3.141.59.jar;C:\Users\User\.m2\repository\org\seleniumhq\selenium\selenium-api\3.141.59\selenium-api-3.141.59.jar;C:\Users\User\.m2\repository\org\seleniumhq\selenium\selenium-chrome-driver\3.141.59\selenium-chrome-driver-3.141.59.jar;C:\Users\User\.m2\repository\org\seleniumhq\selenium\selenium-edge-driver\3.141.59\selenium-edge-driver-3.141.59.jar;C:\Users\User\.m2\repository\org\seleniumhq\selenium\selenium-firefox-driver\3.141.59\selenium-firefox-driver-3.141.59.jar;C:\Users\User\.m2\repository\org\seleniumhq\selenium\selenium-ie-driver\3.141.59\selenium-ie-driver-3.141.59.jar;C:\Users\User\.m2\repository\org\seleniumhq\selenium\selenium-opera-driver\3.141.59\selenium-opera-driver-3.141.59.jar;C:\Users\User\.m2\repository\org\seleniumhq\selenium\selenium-remote-driver\3.141.59\selenium-remote-driver-3.141.59.jar;C:\Users\User\.m2\repository\org\seleniumhq\selenium\selenium-safari-driver\3.141.59\selenium-safari-driver-3.141.59.jar;C:\Users\User\.m2\repository\org\seleniumhq\selenium\selenium-support\3.141.59\selenium-support-3.141.59.jar;C:\Users\User\.m2\repository\net\bytebuddy\byte-buddy\1.8.15\byte-buddy-1.8.15.jar;C:\Users\User\.m2\repository\org\apache\commons\commons-exec\1.3\commons-exec-1.3.jar;C:\Users\User\.m2\repository\com\google\guava\guava\25.0-jre\guava-25.0-jre.jar;C:\Users\User\.m2\repository\com\google\code\findbugs\jsr305\1.3.9\jsr305-1.3.9.jar;C:\Users\User\.m2\repository\org\checkerframework\checker-compat-qual\2.0.0\checker-compat-qual-2.0.0.jar;C:\Users\User\.m2\repository\com\google\errorprone\error_prone_annotations\2.1.3\error_prone_annotations-2.1.3.jar;C:\Users\User\.m2\repository\com\google\j2objc\j2objc-annotations\1.1\j2objc-annotations-1.1.jar;C:\Users\User\.m2\repository\org\codehaus\mojo\animal-sniffer-annotations\1.14\animal-sniffer-annotations-1.14.jar;C:\Users\User\.m2\repository\com\squareup\okhttp3\okhttp\3.11.0\okhttp-3.11.0.jar;C:\Users\User\.m2\repository\com\squareup\okio\okio\1.14.0\okio-1.14.0.jar;C:\Users\User\.m2\repository\org\apache\logging\log4j\log4j-api\2.13.3\log4j-api-2.13.3.jar;C:\Users\User\.m2\repository\org\apache\logging\log4j\log4j-core\2.13.3\log4j-core-2.13.3.jar;C:\Users\User\.m2\repository\commons-io\commons-io\2.5\commons-io-2.5.jar;C:\Users\User\.m2\repository\com\aventstack\extentreports\4.1.5\extentreports-4.1.5.jar;C:\Users\User\.m2\repository\org\freemarker\freemarker\2.3.29\freemarker-2.3.29.jar;C:\Users\User\.m2\repository\org\apache\httpcomponents\httpclient\4.5.2\httpclient-4.5.2.jar;C:\Users\User\.m2\repository\org\apache\httpcomponents\httpcore\4.4.4\httpcore-4.4.4.jar;C:\Users\User\.m2\repository\commons-logging\commons-logging\1.2\commons-logging-1.2.jar;C:\Users\User\.m2\repository\commons-codec\commons-codec\1.9\commons-codec-1.9.jar;C:\Users\User\.m2\repository\org\apache\httpcomponents\httpmime\4.5.2\httpmime-4.5.2.jar;C:\Users\User\.m2\repository\com\google\code\gson\gson\2.8.6\gson-2.8.6.jar;C:\Users\User\.m2\repository\org\mongodb\mongodb-driver\3.12.0\mongodb-driver-3.12.0.jar;C:\Users\User\.m2\repository\org\mongodb\mongodb-driver-core\3.12.0\mongodb-driver-core-3.12.0.jar;C:\Users\User\.m2\repository\org\mongodb\bson\3.12.0\bson-3.12.0.jar;C:\Users\User\.m2\repository\info\cukes\cucumber-java\1.2.5\cucumber-java-1.2.5.jar;C:\Users\User\.m2\repository\info\cukes\cucumber-core\1.2.5\cucumber-core-1.2.5.jar;C:\Users\User\.m2\repository\info\cukes\cucumber-html\0.2.3\cucumber-html-0.2.3.jar;C:\Users\User\.m2\repository\info\cukes\cucumber-jvm-deps\1.0.5\cucumber-jvm-deps-1.0.5.jar;C:\Users\User\.m2\repository\info\cukes\gherkin\2.12.2\gherkin-2.12.2.jar;C:\Users\User\.m2\repository\info\cukes\cucumber-junit\1.2.5\cucumber-junit-1.2.5.jar;C:\Users\User\.m2\repository\info\cukes\cucumber-testng\1.2.5\cucumber-testng-1.2.5.jar;C:\Users\User\.m2\repository\junit\junit\4.12\junit-4.12.jar;C:\Users\User\.m2\repository\org\hamcrest\hamcrest-core\1.3\hamcrest-core-1.3.jar;"/>
    <property name="java.vm.vendor" value="Oracle Corporation"/>
    <property name="sun.arch.data.model" value="64"/>
    <property name="user.variant" value=""/>
    <property name="java.vendor.url" value="https://java.oracle.com/"/>
    <property name="user.timezone" value="America/Toronto"/>
    <property name="os.name" value="Windows 10"/>
    <property name="java.vm.specification.version" value="14"/>
    <property name="sun.java.launcher" value="SUN_STANDARD"/>
    <property name="user.country" value="CA"/>
    <property name="sun.boot.library.path" value="C:\Program Files\Java\jdk-14.0.1\bin"/>
    <property name="sun.java.command" value="C:\Users\User\AppData\Local\Temp\surefire14056121342092473406\surefirebooter1339096825092408041.jar C:\Users\User\AppData\Local\Temp\surefire14056121342092473406 2020-05-29T16-16-09_589-jvmRun1 surefire386510194140202939tmp surefire_02867391152827835936tmp"/>
    <property name="jdk.debug" value="release"/>
    <property name="surefire.test.class.path" value="C:\Users\User\Desktop\Testing\e2eprogram\target\test-classes;C:\Users\User\Desktop\Testing\e2eprogram\target\classes;C:\Users\User\.m2\repository\org\testng\testng\7.1.0\testng-7.1.0.jar;C:\Users\User\.m2\repository\com\beust\jcommander\1.72\jcommander-1.72.jar;C:\Users\User\.m2\repository\com\google\inject\guice\4.1.0\guice-4.1.0-no_aop.jar;C:\Users\User\.m2\repository\javax\inject\javax.inject\1\javax.inject-1.jar;C:\Users\User\.m2\repository\aopalliance\aopalliance\1.0\aopalliance-1.0.jar;C:\Users\User\.m2\repository\org\yaml\snakeyaml\1.21\snakeyaml-1.21.jar;C:\Users\User\.m2\repository\org\seleniumhq\selenium\selenium-java\3.141.59\selenium-java-3.141.59.jar;C:\Users\User\.m2\repository\org\seleniumhq\selenium\selenium-api\3.141.59\selenium-api-3.141.59.jar;C:\Users\User\.m2\repository\org\seleniumhq\selenium\selenium-chrome-driver\3.141.59\selenium-chrome-driver-3.141.59.jar;C:\Users\User\.m2\repository\org\seleniumhq\selenium\selenium-edge-driver\3.141.59\selenium-edge-driver-3.141.59.jar;C:\Users\User\.m2\repository\org\seleniumhq\selenium\selenium-firefox-driver\3.141.59\selenium-firefox-driver-3.141.59.jar;C:\Users\User\.m2\repository\org\seleniumhq\selenium\selenium-ie-driver\3.141.59\selenium-ie-driver-3.141.59.jar;C:\Users\User\.m2\repository\org\seleniumhq\selenium\selenium-opera-driver\3.141.59\selenium-opera-driver-3.141.59.jar;C:\Users\User\.m2\repository\org\seleniumhq\selenium\selenium-remote-driver\3.141.59\selenium-remote-driver-3.141.59.jar;C:\Users\User\.m2\repository\org\seleniumhq\selenium\selenium-safari-driver\3.141.59\selenium-safari-driver-3.141.59.jar;C:\Users\User\.m2\repository\org\seleniumhq\selenium\selenium-support\3.141.59\selenium-support-3.141.59.jar;C:\Users\User\.m2\repository\net\bytebuddy\byte-buddy\1.8.15\byte-buddy-1.8.15.jar;C:\Users\User\.m2\repository\org\apache\commons\commons-exec\1.3\commons-exec-1.3.jar;C:\Users\User\.m2\repository\com\google\guava\guava\25.0-jre\guava-25.0-jre.jar;C:\Users\User\.m2\repository\com\google\code\findbugs\jsr305\1.3.9\jsr305-1.3.9.jar;C:\Users\User\.m2\repository\org\checkerframework\checker-compat-qual\2.0.0\checker-compat-qual-2.0.0.jar;C:\Users\User\.m2\repository\com\google\errorprone\error_prone_annotations\2.1.3\error_prone_annotations-2.1.3.jar;C:\Users\User\.m2\repository\com\google\j2objc\j2objc-annotations\1.1\j2objc-annotations-1.1.jar;C:\Users\User\.m2\repository\org\codehaus\mojo\animal-sniffer-annotations\1.14\animal-sniffer-annotations-1.14.jar;C:\Users\User\.m2\repository\com\squareup\okhttp3\okhttp\3.11.0\okhttp-3.11.0.jar;C:\Users\User\.m2\repository\com\squareup\okio\okio\1.14.0\okio-1.14.0.jar;C:\Users\User\.m2\repository\org\apache\logging\log4j\log4j-api\2.13.3\log4j-api-2.13.3.jar;C:\Users\User\.m2\repository\org\apache\logging\log4j\log4j-core\2.13.3\log4j-core-2.13.3.jar;C:\Users\User\.m2\repository\commons-io\commons-io\2.5\commons-io-2.5.jar;C:\Users\User\.m2\repository\com\aventstack\extentreports\4.1.5\extentreports-4.1.5.jar;C:\Users\User\.m2\repository\org\freemarker\freemarker\2.3.29\freemarker-2.3.29.jar;C:\Users\User\.m2\repository\org\apache\httpcomponents\httpclient\4.5.2\httpclient-4.5.2.jar;C:\Users\User\.m2\repository\org\apache\httpcomponents\httpcore\4.4.4\httpcore-4.4.4.jar;C:\Users\User\.m2\repository\commons-logging\commons-logging\1.2\commons-logging-1.2.jar;C:\Users\User\.m2\repository\commons-codec\commons-codec\1.9\commons-codec-1.9.jar;C:\Users\User\.m2\repository\org\apache\httpcomponents\httpmime\4.5.2\httpmime-4.5.2.jar;C:\Users\User\.m2\repository\com\google\code\gson\gson\2.8.6\gson-2.8.6.jar;C:\Users\User\.m2\repository\org\mongodb\mongodb-driver\3.12.0\mongodb-driver-3.12.0.jar;C:\Users\User\.m2\repository\org\mongodb\mongodb-driver-core\3.12.0\mongodb-driver-core-3.12.0.jar;C:\Users\User\.m2\repository\org\mongodb\bson\3.12.0\bson-3.12.0.jar;C:\Users\User\.m2\repository\info\cukes\cucumber-java\1.2.5\cucumber-java-1.2.5.jar;C:\Users\User\.m2\repository\info\cukes\cucumber-core\1.2.5\cucumber-core-1.2.5.jar;C:\Users\User\.m2\repository\info\cukes\cucumber-html\0.2.3\cucumber-html-0.2.3.jar;C:\Users\User\.m2\repository\info\cukes\cucumber-jvm-deps\1.0.5\cucumber-jvm-deps-1.0.5.jar;C:\Users\User\.m2\repository\info\cukes\gherkin\2.12.2\gherkin-2.12.2.jar;C:\Users\User\.m2\repository\info\cukes\cucumber-junit\1.2.5\cucumber-junit-1.2.5.jar;C:\Users\User\.m2\repository\info\cukes\cucumber-testng\1.2.5\cucumber-testng-1.2.5.jar;C:\Users\User\.m2\repository\junit\junit\4.12\junit-4.12.jar;C:\Users\User\.m2\repository\org\hamcrest\hamcrest-core\1.3\hamcrest-core-1.3.jar;"/>
    <property name="sun.cpu.endian" value="little"/>
    <property name="user.home" value="C:\Users\User"/>
    <property name="user.language" value="en"/>
    <property name="java.specification.vendor" value="Oracle Corporation"/>
    <property name="java.version.date" value="2020-04-14"/>
    <property name="java.home" value="C:\Program Files\Java\jdk-14.0.1"/>
    <property name="file.separator" value="\"/>
    <property name="basedir" value="C:\Users\User\Desktop\Testing\e2eprogram"/>
    <property name="java.vm.compressedOopsMode" value="32-bit"/>
    <property name="line.separator" value="&#10;"/>
    <property name="java.vm.specification.vendor" value="Oracle Corporation"/>
    <property name="java.specification.name" value="Java Platform API Specification"/>
    <property name="surefire.real.class.path" value="C:\Users\User\AppData\Local\Temp\surefire14056121342092473406\surefirebooter1339096825092408041.jar"/>
    <property name="user.script" value=""/>
    <property name="sun.management.compiler" value="HotSpot 64-Bit Tiered Compilers"/>
    <property name="java.runtime.version" value="14.0.1+7"/>
    <property name="user.name" value="User"/>
    <property name="path.separator" value=";"/>
    <property name="os.version" value="10.0"/>
    <property name="java.runtime.name" value="Java(TM) SE Runtime Environment"/>
    <property name="file.encoding" value="Cp1252"/>
    <property name="java.vm.name" value="Java HotSpot(TM) 64-Bit Server VM"/>
    <property name="localRepository" value="C:\Users\User\.m2\repository"/>
    <property name="java.vendor.url.bug" value="https://bugreport.java.com/bugreport/"/>
    <property name="java.io.tmpdir" value="C:\Users\User\AppData\Local\Temp\"/>
    <property name="java.version" value="14.0.1"/>
    <property name="user.dir" value="C:\Users\User\Desktop\Testing\e2eprogram"/>
    <property name="os.arch" value="amd64"/>
    <property name="java.vm.specification.name" value="Java Virtual Machine Specification"/>
    <property name="sun.os.patch.level" value=""/>
    <property name="java.library.path" value="C:\Program Files\Java\jdk-14.0.1\bin;C:\Windows\Sun\Java\bin;C:\Windows\system32;C:\Windows;C:/Program Files/Java/jre1.8.0_241/bin/server;C:/Program Files/Java/jre1.8.0_241/bin;C:/Program Files/Java/jre1.8.0_241/lib/amd64;C:\Program Files (x86)\Common Files\Oracle\Java\javapath;C:\Windows\system32;C:\Windows;C:\Windows\System32\Wbem;C:\Windows\System32\WindowsPowerShell\v1.0\;C:\Windows\System32\OpenSSH\;C:\Program Files\Git\cmd;C:\Program Files\Java\jdk-14.0.1\bin;C:\Users\User\AppData\Local\Android\Sdk\tools\bin;C:\Users\User\AppData\Local\Android\Sdk\tools;C:\Users\User\AppData\Local\Android\Sdk\platform-tools;C:\Program Files\nodejs\;C:\Program Files\nodejs\node_modules\npm\bin;C:\apache-maven-3.6.3\bin;&quot;C:\Windows\System32;&quot;;C:\Program Files\dotnet\;C:\Program Files\MySQL\MySQL Shell 8.0\bin\;C:\Users\User\AppData\Local\Microsoft\WindowsApps;C:\Users\User\AppData\Roaming\npm;C:\Users\User\Desktop\eclipse;;."/>
    <property name="java.vm.info" value="mixed mode, sharing"/>
    <property name="java.vendor" value="Oracle Corporation"/>
    <property name="java.vm.version" value="14.0.1+7"/>
    <property name="sun.io.unicode.encoding" value="UnicodeLittle"/>
    <property name="java.class.version" value="58.0"/>
  </properties>
  <testcase name="initialize" classname="e2eprogram.Asserts" time="2.218">
    <failure message="session not created: This version of ChromeDriver only supports Chrome version 81&#10;Build info: version: &apos;3.141.59&apos;, revision: &apos;e82be7d358&apos;, time: &apos;2018-11-14T08:17:03&apos;&#10;System info: host: &apos;DESKTOP-5V4NH1P&apos;, ip: &apos;192.168.0.25&apos;, os.name: &apos;Windows 10&apos;, os.arch: &apos;amd64&apos;, os.version: &apos;10.0&apos;, java.version: &apos;14.0.1&apos;&#10;Driver info: driver.version: ChromeDriver&#10;remote stacktrace: Backtrace:&#10;	Ordinal0 [0x002B5F73+2449267]&#10;	Ordinal0 [0x001E8361+1606497]&#10;	Ordinal0 [0x000DF969+522601]&#10;	Ordinal0 [0x000705F3+67059]&#10;	Ordinal0 [0x0006CD92+52626]&#10;	Ordinal0 [0x0008C127+180519]&#10;	Ordinal0 [0x0008BF2D+180013]&#10;	Ordinal0 [0x00089E5B+171611]&#10;	Ordinal0 [0x00071DD8+73176]&#10;	Ordinal0 [0x00072E50+77392]&#10;	Ordinal0 [0x00072DE9+77289]&#10;	Ordinal0 [0x001FD8D7+1693911]&#10;	GetHandleVerifier [0x00354036+522726]&#10;	GetHandleVerifier [0x00353D74+522020]&#10;	GetHandleVerifier [0x00369187+609079]&#10;	GetHandleVerifier [0x003548A6+524886]&#10;	Ordinal0 [0x001F5CBC+1662140]&#10;	Ordinal0 [0x001FF23B+1700411]&#10;	Ordinal0 [0x001FF3A3+1700771]&#10;	Ordinal0 [0x00215215+1790485]&#10;	BaseThreadInitThunk [0x75B46359+25]&#10;	RtlGetAppContainerNamedObjectPath [0x770B7C24+228]&#10;	RtlGetAppContainerNamedObjectPath [0x770B7BF4+180]&#10;	(No symbol) [0x00000000]&#10;" type="org.openqa.selenium.SessionNotCreatedException"><![CDATA[org.openqa.selenium.SessionNotCreatedException: 
session not created: This version of ChromeDriver only supports Chrome version 81
Build info: version: '3.141.59', revision: 'e82be7d358', time: '2018-11-14T08:17:03'
System info: host: 'DESKTOP-5V4NH1P', ip: '192.168.0.25', os.name: 'Windows 10', os.arch: 'amd64', os.version: '10.0', java.version: '14.0.1'
Driver info: driver.version: ChromeDriver
remote stacktrace: Backtrace:
	Ordinal0 [0x002B5F73+2449267]
	Ordinal0 [0x001E8361+1606497]
	Ordinal0 [0x000DF969+522601]
	Ordinal0 [0x000705F3+67059]
	Ordinal0 [0x0006CD92+52626]
	Ordinal0 [0x0008C127+180519]
	Ordinal0 [0x0008BF2D+180013]
	Ordinal0 [0x00089E5B+171611]
	Ordinal0 [0x00071DD8+73176]
	Ordinal0 [0x00072E50+77392]
	Ordinal0 [0x00072DE9+77289]
	Ordinal0 [0x001FD8D7+1693911]
	GetHandleVerifier [0x00354036+522726]
	GetHandleVerifier [0x00353D74+522020]
	GetHandleVerifier [0x00369187+609079]
	GetHandleVerifier [0x003548A6+524886]
	Ordinal0 [0x001F5CBC+1662140]
	Ordinal0 [0x001FF23B+1700411]
	Ordinal0 [0x001FF3A3+1700771]
	Ordinal0 [0x00215215+1790485]
	BaseThreadInitThunk [0x75B46359+25]
	RtlGetAppContainerNamedObjectPath [0x770B7C24+228]
	RtlGetAppContainerNamedObjectPath [0x770B7BF4+180]
	(No symbol) [0x00000000]

	at e2eprogram.Asserts.initialize(Asserts.java:24)
]]></failure>
    <system-err><![CDATA[Starting ChromeDriver 81.0.4044.69 (6813546031a4bc83f717a2ef7cd4ac6ec1199132-refs/branch-heads/4044@{#776}) on port 15696
Only local connections are allowed.
Please protect ports used by ChromeDriver and related test frameworks to prevent access by malicious code.
]]></system-err>
  </testcase>
  <testcase name="basePageNavigation" classname="e2eprogram.Asserts" time="0">
    <skipped message="session not created: This version of ChromeDriver only supports Chrome version 81&#10;Build info: version: &apos;3.141.59&apos;, revision: &apos;e82be7d358&apos;, time: &apos;2018-11-14T08:17:03&apos;&#10;System info: host: &apos;DESKTOP-5V4NH1P&apos;, ip: &apos;192.168.0.25&apos;, os.name: &apos;Windows 10&apos;, os.arch: &apos;amd64&apos;, os.version: &apos;10.0&apos;, java.version: &apos;14.0.1&apos;&#10;Driver info: driver.version: ChromeDriver&#10;remote stacktrace: Backtrace:&#10;	Ordinal0 [0x002B5F73+2449267]&#10;	Ordinal0 [0x001E8361+1606497]&#10;	Ordinal0 [0x000DF969+522601]&#10;	Ordinal0 [0x000705F3+67059]&#10;	Ordinal0 [0x0006CD92+52626]&#10;	Ordinal0 [0x0008C127+180519]&#10;	Ordinal0 [0x0008BF2D+180013]&#10;	Ordinal0 [0x00089E5B+171611]&#10;	Ordinal0 [0x00071DD8+73176]&#10;	Ordinal0 [0x00072E50+77392]&#10;	Ordinal0 [0x00072DE9+77289]&#10;	Ordinal0 [0x001FD8D7+1693911]&#10;	GetHandleVerifier [0x00354036+522726]&#10;	GetHandleVerifier [0x00353D74+522020]&#10;	GetHandleVerifier [0x00369187+609079]&#10;	GetHandleVerifier [0x003548A6+524886]&#10;	Ordinal0 [0x001F5CBC+1662140]&#10;	Ordinal0 [0x001FF23B+1700411]&#10;	Ordinal0 [0x001FF3A3+1700771]&#10;	Ordinal0 [0x00215215+1790485]&#10;	BaseThreadInitThunk [0x75B46359+25]&#10;	RtlGetAppContainerNamedObjectPath [0x770B7C24+228]&#10;	RtlGetAppContainerNamedObjectPath [0x770B7BF4+180]&#10;	(No symbol) [0x00000000]&#10;"/>
  </testcase>
  <testcase name="tearDown" classname="e2eprogram.Asserts" time="0">
    <skipped/>
  </testcase>
  <testcase name="initialize" classname="e2eprogram.HomePage" time="1.356">
    <failure message="session not created: This version of ChromeDriver only supports Chrome version 81&#10;Build info: version: &apos;3.141.59&apos;, revision: &apos;e82be7d358&apos;, time: &apos;2018-11-14T08:17:03&apos;&#10;System info: host: &apos;DESKTOP-5V4NH1P&apos;, ip: &apos;192.168.0.25&apos;, os.name: &apos;Windows 10&apos;, os.arch: &apos;amd64&apos;, os.version: &apos;10.0&apos;, java.version: &apos;14.0.1&apos;&#10;Driver info: driver.version: ChromeDriver&#10;remote stacktrace: Backtrace:&#10;	Ordinal0 [0x002B5F73+2449267]&#10;	Ordinal0 [0x001E8361+1606497]&#10;	Ordinal0 [0x000DF969+522601]&#10;	Ordinal0 [0x000705F3+67059]&#10;	Ordinal0 [0x0006CD92+52626]&#10;	Ordinal0 [0x0008C127+180519]&#10;	Ordinal0 [0x0008BF2D+180013]&#10;	Ordinal0 [0x00089E5B+171611]&#10;	Ordinal0 [0x00071DD8+73176]&#10;	Ordinal0 [0x00072E50+77392]&#10;	Ordinal0 [0x00072DE9+77289]&#10;	Ordinal0 [0x001FD8D7+1693911]&#10;	GetHandleVerifier [0x00354036+522726]&#10;	GetHandleVerifier [0x00353D74+522020]&#10;	GetHandleVerifier [0x00369187+609079]&#10;	GetHandleVerifier [0x003548A6+524886]&#10;	Ordinal0 [0x001F5CBC+1662140]&#10;	Ordinal0 [0x001FF23B+1700411]&#10;	Ordinal0 [0x001FF3A3+1700771]&#10;	Ordinal0 [0x00215215+1790485]&#10;	BaseThreadInitThunk [0x75B46359+25]&#10;	RtlGetAppContainerNamedObjectPath [0x770B7C24+228]&#10;	RtlGetAppContainerNamedObjectPath [0x770B7BF4+180]&#10;	(No symbol) [0x00000000]&#10;" type="org.openqa.selenium.SessionNotCreatedException"><![CDATA[org.openqa.selenium.SessionNotCreatedException: 
session not created: This version of ChromeDriver only supports Chrome version 81
Build info: version: '3.141.59', revision: 'e82be7d358', time: '2018-11-14T08:17:03'
System info: host: 'DESKTOP-5V4NH1P', ip: '192.168.0.25', os.name: 'Windows 10', os.arch: 'amd64', os.version: '10.0', java.version: '14.0.1'
Driver info: driver.version: ChromeDriver
remote stacktrace: Backtrace:
	Ordinal0 [0x002B5F73+2449267]
	Ordinal0 [0x001E8361+1606497]
	Ordinal0 [0x000DF969+522601]
	Ordinal0 [0x000705F3+67059]
	Ordinal0 [0x0006CD92+52626]
	Ordinal0 [0x0008C127+180519]
	Ordinal0 [0x0008BF2D+180013]
	Ordinal0 [0x00089E5B+171611]
	Ordinal0 [0x00071DD8+73176]
	Ordinal0 [0x00072E50+77392]
	Ordinal0 [0x00072DE9+77289]
	Ordinal0 [0x001FD8D7+1693911]
	GetHandleVerifier [0x00354036+522726]
	GetHandleVerifier [0x00353D74+522020]
	GetHandleVerifier [0x00369187+609079]
	GetHandleVerifier [0x003548A6+524886]
	Ordinal0 [0x001F5CBC+1662140]
	Ordinal0 [0x001FF23B+1700411]
	Ordinal0 [0x001FF3A3+1700771]
	Ordinal0 [0x00215215+1790485]
	BaseThreadInitThunk [0x75B46359+25]
	RtlGetAppContainerNamedObjectPath [0x770B7C24+228]
	RtlGetAppContainerNamedObjectPath [0x770B7BF4+180]
	(No symbol) [0x00000000]

	at e2eprogram.HomePage.initialize(HomePage.java:29)
]]></failure>
    <system-err><![CDATA[Starting ChromeDriver 81.0.4044.69 (6813546031a4bc83f717a2ef7cd4ac6ec1199132-refs/branch-heads/4044@{#776}) on port 14613
Only local connections are allowed.
Please protect ports used by ChromeDriver and related test frameworks to prevent access by malicious code.
]]></system-err>
  </testcase>
  <testcase name="basePageNavigation" classname="e2eprogram.HomePage" time="0">
    <skipped message="session not created: This version of ChromeDriver only supports Chrome version 81&#10;Build info: version: &apos;3.141.59&apos;, revision: &apos;e82be7d358&apos;, time: &apos;2018-11-14T08:17:03&apos;&#10;System info: host: &apos;DESKTOP-5V4NH1P&apos;, ip: &apos;192.168.0.25&apos;, os.name: &apos;Windows 10&apos;, os.arch: &apos;amd64&apos;, os.version: &apos;10.0&apos;, java.version: &apos;14.0.1&apos;&#10;Driver info: driver.version: ChromeDriver&#10;remote stacktrace: Backtrace:&#10;	Ordinal0 [0x002B5F73+2449267]&#10;	Ordinal0 [0x001E8361+1606497]&#10;	Ordinal0 [0x000DF969+522601]&#10;	Ordinal0 [0x000705F3+67059]&#10;	Ordinal0 [0x0006CD92+52626]&#10;	Ordinal0 [0x0008C127+180519]&#10;	Ordinal0 [0x0008BF2D+180013]&#10;	Ordinal0 [0x00089E5B+171611]&#10;	Ordinal0 [0x00071DD8+73176]&#10;	Ordinal0 [0x00072E50+77392]&#10;	Ordinal0 [0x00072DE9+77289]&#10;	Ordinal0 [0x001FD8D7+1693911]&#10;	GetHandleVerifier [0x00354036+522726]&#10;	GetHandleVerifier [0x00353D74+522020]&#10;	GetHandleVerifier [0x00369187+609079]&#10;	GetHandleVerifier [0x003548A6+524886]&#10;	Ordinal0 [0x001F5CBC+1662140]&#10;	Ordinal0 [0x001FF23B+1700411]&#10;	Ordinal0 [0x001FF3A3+1700771]&#10;	Ordinal0 [0x00215215+1790485]&#10;	BaseThreadInitThunk [0x75B46359+25]&#10;	RtlGetAppContainerNamedObjectPath [0x770B7C24+228]&#10;	RtlGetAppContainerNamedObjectPath [0x770B7BF4+180]&#10;	(No symbol) [0x00000000]&#10;"/>
  </testcase>
  <testcase name="basePageNavigation" classname="e2eprogram.HomePage" time="0">
    <skipped message="session not created: This version of ChromeDriver only supports Chrome version 81&#10;Build info: version: &apos;3.141.59&apos;, revision: &apos;e82be7d358&apos;, time: &apos;2018-11-14T08:17:03&apos;&#10;System info: host: &apos;DESKTOP-5V4NH1P&apos;, ip: &apos;192.168.0.25&apos;, os.name: &apos;Windows 10&apos;, os.arch: &apos;amd64&apos;, os.version: &apos;10.0&apos;, java.version: &apos;14.0.1&apos;&#10;Driver info: driver.version: ChromeDriver&#10;remote stacktrace: Backtrace:&#10;	Ordinal0 [0x002B5F73+2449267]&#10;	Ordinal0 [0x001E8361+1606497]&#10;	Ordinal0 [0x000DF969+522601]&#10;	Ordinal0 [0x000705F3+67059]&#10;	Ordinal0 [0x0006CD92+52626]&#10;	Ordinal0 [0x0008C127+180519]&#10;	Ordinal0 [0x0008BF2D+180013]&#10;	Ordinal0 [0x00089E5B+171611]&#10;	Ordinal0 [0x00071DD8+73176]&#10;	Ordinal0 [0x00072E50+77392]&#10;	Ordinal0 [0x00072DE9+77289]&#10;	Ordinal0 [0x001FD8D7+1693911]&#10;	GetHandleVerifier [0x00354036+522726]&#10;	GetHandleVerifier [0x00353D74+522020]&#10;	GetHandleVerifier [0x00369187+609079]&#10;	GetHandleVerifier [0x003548A6+524886]&#10;	Ordinal0 [0x001F5CBC+1662140]&#10;	Ordinal0 [0x001FF23B+1700411]&#10;	Ordinal0 [0x001FF3A3+1700771]&#10;	Ordinal0 [0x00215215+1790485]&#10;	BaseThreadInitThunk [0x75B46359+25]&#10;	RtlGetAppContainerNamedObjectPath [0x770B7C24+228]&#10;	RtlGetAppContainerNamedObjectPath [0x770B7BF4+180]&#10;	(No symbol) [0x00000000]&#10;"/>
  </testcase>
  <testcase name="tearDown" classname="e2eprogram.HomePage" time="0">
    <skipped/>
  </testcase>
  <testcase name="initialize" classname="e2eprogram.Validdata" time="1.096">
    <failure message="session not created: This version of ChromeDriver only supports Chrome version 81&#10;Build info: version: &apos;3.141.59&apos;, revision: &apos;e82be7d358&apos;, time: &apos;2018-11-14T08:17:03&apos;&#10;System info: host: &apos;DESKTOP-5V4NH1P&apos;, ip: &apos;192.168.0.25&apos;, os.name: &apos;Windows 10&apos;, os.arch: &apos;amd64&apos;, os.version: &apos;10.0&apos;, java.version: &apos;14.0.1&apos;&#10;Driver info: driver.version: ChromeDriver&#10;remote stacktrace: Backtrace:&#10;	Ordinal0 [0x002B5F73+2449267]&#10;	Ordinal0 [0x001E8361+1606497]&#10;	Ordinal0 [0x000DF969+522601]&#10;	Ordinal0 [0x000705F3+67059]&#10;	Ordinal0 [0x0006CD92+52626]&#10;	Ordinal0 [0x0008C127+180519]&#10;	Ordinal0 [0x0008BF2D+180013]&#10;	Ordinal0 [0x00089E5B+171611]&#10;	Ordinal0 [0x00071DD8+73176]&#10;	Ordinal0 [0x00072E50+77392]&#10;	Ordinal0 [0x00072DE9+77289]&#10;	Ordinal0 [0x001FD8D7+1693911]&#10;	GetHandleVerifier [0x00354036+522726]&#10;	GetHandleVerifier [0x00353D74+522020]&#10;	GetHandleVerifier [0x00369187+609079]&#10;	GetHandleVerifier [0x003548A6+524886]&#10;	Ordinal0 [0x001F5CBC+1662140]&#10;	Ordinal0 [0x001FF23B+1700411]&#10;	Ordinal0 [0x001FF3A3+1700771]&#10;	Ordinal0 [0x00215215+1790485]&#10;	BaseThreadInitThunk [0x75B46359+25]&#10;	RtlGetAppContainerNamedObjectPath [0x770B7C24+228]&#10;	RtlGetAppContainerNamedObjectPath [0x770B7BF4+180]&#10;	(No symbol) [0x00000000]&#10;" type="org.openqa.selenium.SessionNotCreatedException"><![CDATA[org.openqa.selenium.SessionNotCreatedException: 
session not created: This version of ChromeDriver only supports Chrome version 81
Build info: version: '3.141.59', revision: 'e82be7d358', time: '2018-11-14T08:17:03'
System info: host: 'DESKTOP-5V4NH1P', ip: '192.168.0.25', os.name: 'Windows 10', os.arch: 'amd64', os.version: '10.0', java.version: '14.0.1'
Driver info: driver.version: ChromeDriver
remote stacktrace: Backtrace:
	Ordinal0 [0x002B5F73+2449267]
	Ordinal0 [0x001E8361+1606497]
	Ordinal0 [0x000DF969+522601]
	Ordinal0 [0x000705F3+67059]
	Ordinal0 [0x0006CD92+52626]
	Ordinal0 [0x0008C127+180519]
	Ordinal0 [0x0008BF2D+180013]
	Ordinal0 [0x00089E5B+171611]
	Ordinal0 [0x00071DD8+73176]
	Ordinal0 [0x00072E50+77392]
	Ordinal0 [0x00072DE9+77289]
	Ordinal0 [0x001FD8D7+1693911]
	GetHandleVerifier [0x00354036+522726]
	GetHandleVerifier [0x00353D74+522020]
	GetHandleVerifier [0x00369187+609079]
	GetHandleVerifier [0x003548A6+524886]
	Ordinal0 [0x001F5CBC+1662140]
	Ordinal0 [0x001FF23B+1700411]
	Ordinal0 [0x001FF3A3+1700771]
	Ordinal0 [0x00215215+1790485]
	BaseThreadInitThunk [0x75B46359+25]
	RtlGetAppContainerNamedObjectPath [0x770B7C24+228]
	RtlGetAppContainerNamedObjectPath [0x770B7BF4+180]
	(No symbol) [0x00000000]

	at e2eprogram.Validdata.initialize(Validdata.java:23)
]]></failure>
    <system-err><![CDATA[Starting ChromeDriver 81.0.4044.69 (6813546031a4bc83f717a2ef7cd4ac6ec1199132-refs/branch-heads/4044@{#776}) on port 19733
Only local connections are allowed.
Please protect ports used by ChromeDriver and related test frameworks to prevent access by malicious code.
]]></system-err>
  </testcase>
  <testcase name="basePageNavigation" classname="e2eprogram.Validdata" time="0">
    <skipped message="session not created: This version of ChromeDriver only supports Chrome version 81&#10;Build info: version: &apos;3.141.59&apos;, revision: &apos;e82be7d358&apos;, time: &apos;2018-11-14T08:17:03&apos;&#10;System info: host: &apos;DESKTOP-5V4NH1P&apos;, ip: &apos;192.168.0.25&apos;, os.name: &apos;Windows 10&apos;, os.arch: &apos;amd64&apos;, os.version: &apos;10.0&apos;, java.version: &apos;14.0.1&apos;&#10;Driver info: driver.version: ChromeDriver&#10;remote stacktrace: Backtrace:&#10;	Ordinal0 [0x002B5F73+2449267]&#10;	Ordinal0 [0x001E8361+1606497]&#10;	Ordinal0 [0x000DF969+522601]&#10;	Ordinal0 [0x000705F3+67059]&#10;	Ordinal0 [0x0006CD92+52626]&#10;	Ordinal0 [0x0008C127+180519]&#10;	Ordinal0 [0x0008BF2D+180013]&#10;	Ordinal0 [0x00089E5B+171611]&#10;	Ordinal0 [0x00071DD8+73176]&#10;	Ordinal0 [0x00072E50+77392]&#10;	Ordinal0 [0x00072DE9+77289]&#10;	Ordinal0 [0x001FD8D7+1693911]&#10;	GetHandleVerifier [0x00354036+522726]&#10;	GetHandleVerifier [0x00353D74+522020]&#10;	GetHandleVerifier [0x00369187+609079]&#10;	GetHandleVerifier [0x003548A6+524886]&#10;	Ordinal0 [0x001F5CBC+1662140]&#10;	Ordinal0 [0x001FF23B+1700411]&#10;	Ordinal0 [0x001FF3A3+1700771]&#10;	Ordinal0 [0x00215215+1790485]&#10;	BaseThreadInitThunk [0x75B46359+25]&#10;	RtlGetAppContainerNamedObjectPath [0x770B7C24+228]&#10;	RtlGetAppContainerNamedObjectPath [0x770B7BF4+180]&#10;	(No symbol) [0x00000000]&#10;"/>
  </testcase>
  <testcase name="tearDown" classname="e2eprogram.Validdata" time="0">
    <skipped/>
  </testcase>
</testsuite>